\BOOKMARK [-1][-]{part.1}{I\040Setup}{}% 1
\BOOKMARK [0][-]{chapter.1}{Homework\04001}{part.1}% 2
\BOOKMARK [1][-]{section.1.1}{Set\040up\040dev\040environment}{chapter.1}% 3
\BOOKMARK [2][-]{subsection.1.1.1}{Optional\040\(last\040resort\)}{section.1.1}% 4
\BOOKMARK [1][-]{section.1.2}{Raspberry\040Pi\040Project}{chapter.1}% 5
\BOOKMARK [1][-]{section.1.3}{The\040Money\040List}{chapter.1}% 6
\BOOKMARK [0][-]{chapter.2}{Exploring\040data}{part.1}% 7
\BOOKMARK [1][-]{section.2.1}{Look\040at\040It!\040LOOK\040at\040IT!}{chapter.2}% 8
\BOOKMARK [1][-]{section.2.2}{Analyse\040it}{chapter.2}% 9
\BOOKMARK [1][-]{section.2.3}{Jupyter\040Notebook}{chapter.2}% 10
\BOOKMARK [1][-]{section.2.4}{Homework}{chapter.2}% 11
\BOOKMARK [0][-]{chapter.3}{Fixing\040WSL}{part.1}% 12
\BOOKMARK [0][-]{chapter.4}{August\04028}{part.1}% 13
\BOOKMARK [-1][-]{part.2}{II\040Measures\040of\040Closeness}{}% 14
\BOOKMARK [0][-]{chapter.5}{\376\377\000B\000a\000y\000e\000s\040\031\000\040\000T\000h\000e\000o\000r\000e\000m}{part.2}% 15
\BOOKMARK [1][-]{section.5.1}{Exercise\0401:\040Plot\040a\040Venn\040Diagram}{chapter.5}% 16
\BOOKMARK [1][-]{section.5.2}{\376\377\000E\000x\000e\000r\000c\000i\000s\000e\000\040\0002\000:\000\040\000C\000o\000m\000p\000u\000t\000e\000\040\000B\000a\000y\000e\000s\040\031\000\040\000P\000r\000o\000b\000a\000b\000i\000l\000i\000t\000i\000e\000s}{chapter.5}% 17
\BOOKMARK [1][-]{section.5.3}{Exercise\0403:\040Plot}{chapter.5}% 18
\BOOKMARK [1][-]{section.5.4}{Exercise\0404:\040Beautify\040plots}{chapter.5}% 19
\BOOKMARK [0][-]{chapter.6}{Quick\040Jupyter\040Intro\040and\040Python\040Loops}{part.2}% 20
\BOOKMARK [1][-]{section.6.1}{Python\040Loops}{chapter.6}% 21
\BOOKMARK [1][-]{section.6.2}{Python\040Lists}{chapter.6}% 22
\BOOKMARK [1][-]{section.6.3}{Comprehensions}{chapter.6}% 23
\BOOKMARK [0][-]{chapter.7}{Linear\040Regression}{part.2}% 24
\BOOKMARK [1][-]{section.7.1}{Interpretation\040as\040a\040ratio\040of\040variances}{chapter.7}% 25
\BOOKMARK [0][-]{chapter.8}{Linear\040Least\040Squares}{part.2}% 26
\BOOKMARK [1][-]{section.8.1}{An\040aside\040about\040numpy\040matrices}{chapter.8}% 27
\BOOKMARK [2][-]{subsection.8.1.1}{Practice\040with\040matrices}{section.8.1}% 28
\BOOKMARK [1][-]{section.8.2}{Linear\040Least\040Squares\040Regression}{chapter.8}% 29
\BOOKMARK [1][-]{section.8.3}{Least\040squares\040function}{chapter.8}% 30
\BOOKMARK [1][-]{section.8.4}{Application}{chapter.8}% 31
\BOOKMARK [0][-]{chapter.9}{Correlation\040Coefficient}{part.2}% 32
\BOOKMARK [1][-]{section.9.1}{\376\377\000P\000e\000a\000r\000s\000o\000n\040\031\000s\000\040\000C\000o\000r\000r\000e\000l\000a\000t\000i\000o\000n\000\040\000C\000o\000e\000f\000f\000i\000c\000i\000e\000n\000t}{chapter.9}% 33
\BOOKMARK [1][-]{section.9.2}{r=0}{chapter.9}% 34
\BOOKMARK [-1][-]{part.3}{III\040Linear\040Algebra\040in\040Python}{}% 35
\BOOKMARK [0][-]{chapter.10}{Linear\040Algebra\040and\040Python\040Lists}{part.3}% 36
\BOOKMARK [1][-]{section.10.1}{Dot\040product\040of\040two\040vectors}{chapter.10}% 37
\BOOKMARK [1][-]{section.10.2}{Cross\040Product\040of\040two\040vectors}{chapter.10}% 38
\BOOKMARK [1][-]{section.10.3}{Vector\040magnitude}{chapter.10}% 39
\BOOKMARK [1][-]{section.10.4}{Angle\040between\040vectors}{chapter.10}% 40
\BOOKMARK [1][-]{section.10.5}{Matrix\040Operations}{chapter.10}% 41
\BOOKMARK [0][-]{chapter.11}{Introduction\040to\040Matrices\040in\040NumPy}{part.3}% 42
\BOOKMARK [1][-]{section.11.1}{1.\040Creating\040Matrices}{chapter.11}% 43
\BOOKMARK [2][-]{subsection.11.1.1}{a.\040Creating\040a\040Matrix\040from\040a\040List\040of\040Lists}{section.11.1}% 44
\BOOKMARK [2][-]{subsection.11.1.2}{b.\040Creating\040Matrices\040with\040Built-in\040Functions}{section.11.1}% 45
\BOOKMARK [1][-]{section.11.2}{2.\040Accessing\040Elements}{chapter.11}% 46
\BOOKMARK [2][-]{subsection.11.2.1}{a.\040Accessing\040Individual\040Elements}{section.11.2}% 47
\BOOKMARK [2][-]{subsection.11.2.2}{b.\040Accessing\040Rows\040and\040Columns}{section.11.2}% 48
\BOOKMARK [2][-]{subsection.11.2.3}{c.\040Modifying\040parts\040of\040a\040matrix}{section.11.2}% 49
\BOOKMARK [2][-]{subsection.11.2.4}{d.\040Matrix\040references}{section.11.2}% 50
\BOOKMARK [1][-]{section.11.3}{3.\040Basic\040Matrix\040Operations}{chapter.11}% 51
\BOOKMARK [2][-]{subsection.11.3.1}{a.\040Matrix\040Addition\040and\040Subtraction}{section.11.3}% 52
\BOOKMARK [2][-]{subsection.11.3.2}{b.\040Matrix\040Multiplication}{section.11.3}% 53
\BOOKMARK [2][-]{subsection.11.3.3}{c.\040Transpose\040of\040a\040Matrix}{section.11.3}% 54
\BOOKMARK [2][-]{subsection.11.3.4}{d.\040Determinant\040and\040Inverse}{section.11.3}% 55
\BOOKMARK [1][-]{section.11.4}{4.\040Extracting\040Rows\040and\040Columns}{chapter.11}% 56
\BOOKMARK [2][-]{subsection.11.4.1}{a.\040Extracting\040Rows}{section.11.4}% 57
\BOOKMARK [2][-]{subsection.11.4.2}{b.\040Extracting\040Columns}{section.11.4}% 58
\BOOKMARK [2][-]{subsection.11.4.3}{c.\040Extracting\040Submatrices}{section.11.4}% 59
\BOOKMARK [1][-]{section.11.5}{5.\040Row\040and\040Column\040Operations}{chapter.11}% 60
\BOOKMARK [2][-]{subsection.11.5.1}{a.\040Sum,\040Mean,\040and\040Other\040Operations\040on\040Rows/Columns}{section.11.5}% 61
\BOOKMARK [2][-]{subsection.11.5.2}{b.\040Adding\040Rows/Columns}{section.11.5}% 62
\BOOKMARK [2][-]{subsection.11.5.3}{c.\040Deleting\040Rows/Columns}{section.11.5}% 63
\BOOKMARK [2][-]{subsection.11.5.4}{d.\040Replacing\040Rows/Columns}{section.11.5}% 64
\BOOKMARK [0][-]{chapter.12}{Matrix\040indices\040warmup}{part.3}% 65
\BOOKMARK [1][-]{section.12.1}{First,\040About\040python\040range\(a,b\)}{chapter.12}% 66
\BOOKMARK [1][-]{section.12.2}{Now\040for\040the\040matrix\040challenge}{chapter.12}% 67
\BOOKMARK [0][-]{chapter.13}{Gaussian\040Elimination}{part.3}% 68
\BOOKMARK [1][-]{section.13.1}{Step\0401:\040Write\040the\040Augmented\040Matrix}{chapter.13}% 69
\BOOKMARK [1][-]{section.13.2}{Step\0402:\040Apply\040Row\040Operations\040to\040Achieve\040RREF}{chapter.13}% 70
\BOOKMARK [1][-]{section.13.3}{Step\0403:\040Extract\040the\040solution}{chapter.13}% 71
\BOOKMARK [1][-]{section.13.4}{Coding}{chapter.13}% 72
\BOOKMARK [1][-]{section.13.5}{Measuring\040Error}{chapter.13}% 73
\BOOKMARK [2][-]{subsection.13.5.1}{Approach}{section.13.5}% 74
\BOOKMARK [1][-]{section.13.6}{Regression}{chapter.13}% 75
\BOOKMARK [2][-]{subsection.13.6.1}{A\040regression\040problem\040and\040a\040solution}{section.13.6}% 76
\BOOKMARK [0][-]{chapter.14}{Log-Log\040Regression}{part.3}% 77
\BOOKMARK [1][-]{section.14.1}{Regular\040Linear\040Regression}{chapter.14}% 78
\BOOKMARK [1][-]{section.14.2}{Exponential\040Regression}{chapter.14}% 79
\BOOKMARK [1][-]{section.14.3}{Log-Log\040Regression}{chapter.14}% 80
\BOOKMARK [0][-]{chapter.15}{\376\377\000S\000t\000r\000a\000s\000s\000e\000n\040\031\000s\000\040\000A\000l\000g\000o\000r\000i\000t\000h\000m\000\040\000\050\000O\000p\000t\000i\000o\000n\000a\000l\000\040\000E\000x\000t\000e\000n\000s\000i\000o\000n\000\051}{part.3}% 81
\BOOKMARK [1][-]{section.15.1}{Goal}{chapter.15}% 82
\BOOKMARK [1][-]{section.15.2}{Details}{chapter.15}% 83
\BOOKMARK [1][-]{section.15.3}{Results}{chapter.15}% 84
\BOOKMARK [0][-]{chapter.16}{Gauss\040Presentation}{part.3}% 85
\BOOKMARK [0][-]{chapter.17}{Matrix\040Inversion}{part.3}% 86
\BOOKMARK [0][-]{chapter.18}{Running\040Time\040Analysis}{part.3}% 87
\BOOKMARK [1][-]{section.18.1}{Pandas\040filtering\040tricks}{chapter.18}% 88
\BOOKMARK [1][-]{section.18.2}{Analysis}{chapter.18}% 89
\BOOKMARK [-1][-]{part.4}{IV\040Next\040Steps}{}% 90
\BOOKMARK [0][-]{chapter.19}{Reading\040for\040Research}{part.4}% 91
\BOOKMARK [0][-]{chapter.20}{Hobo\040Data,\040Student\040Version}{part.4}% 92
\BOOKMARK [1][-]{section.20.1}{Part\0401:\040Extracting\040Coordinates}{chapter.20}% 93
\BOOKMARK [2][-]{subsection.20.1.1}{\376\377\000M\000a\000c\000h\000i\000n\000e\000\040\000L\000e\000a\000r\000n\000i\000n\000g\000\040\040\023\000\040\000K\000M\000e\000a\000n\000s}{section.20.1}% 94
\BOOKMARK [1][-]{section.20.2}{Part\0402:\040Ingesting\040Data}{chapter.20}% 95
\BOOKMARK [1][-]{section.20.3}{Part\0403:\040Visualization}{chapter.20}% 96
\BOOKMARK [0][-]{chapter.21}{ML\040Book\040Club}{part.4}% 97
